[2026-07-08T22:10:03.277Z] ACTION: LOGIN_ATTEMPT | DETAILS: {"email":"test@test.com","status":"SUCCESS"}
[2026-07-09T05:22:47.030Z] ACTION: LOGIN_ATTEMPT | DETAILS: {"email":"nebil1@gmail.com","status":"SUCCESS"}
[2026-07-09T05:37:35.259Z] ACTION: LOGIN_ATTEMPT | DETAILS: {"email":"naya@gmail.com","status":"SUCCESS"}
[2026-07-09T05:38:16.510Z] ACTION: LOGIN_ATTEMPT | DETAILS: {"email":"maya@gmail.com","status":"SUCCESS"}
[2026-07-09T05:38:42.940Z] ACTION: LOGIN_ATTEMPT | DETAILS: {"email":"naya@gmail.com","status":"SUCCESS"}
[2026-07-09T05:40:04.145Z] ACTION: LOGIN_ATTEMPT | DETAILS: {"email":"maya@gmail.com","status":"SUCCESS"}
[2026-07-09T05:52:39.797Z] ACTION: LOGIN_ATTEMPT | DETAILS: {"email":"amir@gmail.com","status":"SUCCESS"}
[2026-07-09T05:58:54.512Z] ACTION: LOGIN_ATTEMPT | DETAILS: {"email":"abel@gmail.com","status":"SUCCESS"}
[2026-07-09T06:03:35.808Z] ACTION: LOGIN_ATTEMPT | DETAILS: {"email":"abel@gmail.com","status":"SUCCESS"}
[2026-07-09T08:48:30.901Z] ACTION: LOGIN_ATTEMPT | DETAILS: {"email":"amir@gmail.com","status":"SUCCESS"}
[2026-07-09T08:52:22.680Z] ACTION: LOGIN_ATTEMPT | DETAILS: {"email":"abel@gmail.com","status":"SUCCESS"}
[2026-07-09T08:57:43.956Z] ACTION: LOGIN_ATTEMPT | DETAILS: {"email":"amir@gmail.com","status":"SUCCESS"}
[2026-07-09T08:59:35.327Z] ACTION: LOGIN_ATTEMPT | DETAILS: {"email":"amir@gmail.com","status":"SUCCESS"}
[2026-07-09T20:08:48.857Z] ACTION: LOGIN_ATTEMPT | DETAILS: {"email":"amir@gmail.com","status":"SUCCESS"}
[2026-07-10T02:17:56.542Z] ACTION: LOGIN_ATTEMPT | DETAILS: {"email":"amir@gmail.com","status":"SUCCESS"}
[2026-07-10T02:21:08.619Z] ACTION: LOGIN_ATTEMPT | DETAILS: {"email":"amir@gmail.com","status":"SUCCESS"}
[2026-07-10T02:24:44.710Z] ACTION: LOGIN_ATTEMPT | DETAILS: {"email":"abel@gmail.com","status":"SUCCESS"}
[2026-07-10T02:26:36.192Z] ACTION: LOGIN_ATTEMPT | DETAILS: {"email":"allen@gmail.com","status":"SUCCESS"}
[2026-07-10T02:29:02.242Z] ACTION: LOGIN_ATTEMPT | DETAILS: {"email":"collins@gmail.com","status":"SUCCESS"}
[2026-07-10T02:30:03.978Z] ACTION: LOGIN_ATTEMPT | DETAILS: {"email":"allen@gmail.com","status":"SUCCESS"}
[2026-07-10T02:30:34.179Z] ACTION: LOGIN_ATTEMPT | DETAILS: {"email":"collins@gmail.com","status":"SUCCESS"}
